Thu Mar 27 2014 16:53:44 GMT-0700 (PDT):
{ [Error: Unable to locate site named shortygotme]
  stack: [Getter/Setter],
  __frame: 
   { name: 'lookupSiteNameAndWebSpace__18',
     line: 821,
     file: '/usr/local/lib/node_modules/azure-cli/lib/commands/websites/websitesclient._js',
     prev: 
      { name: '__8',
        line: 647,
        file: '/usr/local/lib/node_modules/azure-cli/lib/commands/site._js',
        prev: undefined,
        active: false,
        offset: 14,
        col: 10 },
     active: false,
     offset: 12,
     col: 4 },
  rawStack: [Getter] }
Error: Unable to locate site named shortygotme
    at ___ (/usr/local/lib/node_modules/azure-cli/lib/commands/websites/websitesclient._js:817:20)
    at ___ (/usr/local/lib/node_modules/azure-cli/node_modules/streamline/lib/callbacks/runtime.js:85:13)
    at ___ (/usr/local/lib/node_modules/azure-cli/lib/commands/websites/websitesclient._js:460:131)
    at __tryCatch (/usr/local/lib/node_modules/azure-cli/node_modules/streamline/lib/callbacks/runtime.js:141:4)
    at ___ (/usr/local/lib/node_modules/azure-cli/lib/commands/websites/websitesclient._js:460:67)
    at getSites__6 (/usr/local/lib/node_modules/azure-cli/lib/commands/websites/websitesclient._js:460:33)
    at lookupSiteNameAndWebSpace__18 (/usr/local/lib/node_modules/azure-cli/lib/commands/websites/websitesclient._js:833:4)
    at __8 (/usr/local/lib/node_modules/azure-cli/lib/commands/site._js:661:10)

